C51 COMPILER V9.52.0.0   ESP8266                                                           04/08/2024 22:54:22 PAGE 1   


C51 COMPILER V9.52.0.0, COMPILATION OF MODULE ESP8266
OBJECT MODULE PLACED IN Esp8266.OBJ
COMPILER INVOKED BY: F:\all_for_51\keil\C51\BIN\C51.EXE Esp8266.c BROWSE DEBUG OBJECTEXTEND TABS(2)

line level    source

   1          #include "uart.h"
   2          
   3          #define SIZE 12
   4          
   5          
   6          
   7          char AT_OK_Flag; 
   8          char AT_Connect_Net_Flag ;
   9          char Client_Connect_Flag ;
  10          
  11          
  12          
  13          //工作在路由模式
  14          code char LYMS[]="AT+CWMODE=2\r\n";
  15          //使能多连接
  16          code char DLJ[]="AT+CIPMUX=1\r\n";
  17          //建立服务: 默认端口 333
  18          code char JLIWF[]="AT+CIPSERVER=1\r\n";
  19          
  20          
  21          
  22          void initWifI_AP()
  23          {
  24   1         sendString(LYMS);//设置路由模式
  25   1         while(!AT_OK_Flag);
  26   1         AT_OK_Flag=0;
  27   1         
  28   1         sendString(DLJ); //使能多连接
  29   1         while(!AT_OK_Flag);
  30   1         AT_OK_Flag=0;
  31   1      
  32   1      }
  33          
  34          void waitConnect()
  35          {
  36   1        
  37   1         sendString(JLIWF);//建立服务器
  38   1         while(!Client_Connect_Flag);
  39   1         AT_OK_Flag=0;
  40   1        
  41   1      
  42   1      
  43   1      }
  44          


MODULE INFORMATION:   STATIC OVERLAYABLE
   CODE SIZE        =     50    ----
   CONSTANT SIZE    =     45    ----
   XDATA SIZE       =   ----    ----
   PDATA SIZE       =   ----    ----
   DATA SIZE        =      3    ----
   IDATA SIZE       =   ----    ----
   BIT SIZE         =   ----    ----
END OF MODULE INFORMATION.

C51 COMPILER V9.52.0.0   ESP8266                                                           04/08/2024 22:54:22 PAGE 2   


C51 COMPILATION COMPLETE.  0 WARNING(S),  0 ERROR(S)
