C51 COMPILER V9.52.0.0   TIME                                                              04/08/2024 22:54:22 PAGE 1   


C51 COMPILER V9.52.0.0, COMPILATION OF MODULE TIME
OBJECT MODULE PLACED IN time.OBJ
COMPILER INVOKED BY: F:\all_for_51\keil\C51\BIN\C51.EXE time.c BROWSE DEBUG OBJECTEXTEND TABS(2)

line level    source

   1          #include "reg52.h"
   2          #include "motor.h"
   3          
   4          
   5          extern unsigned int speedCnt;
   6          unsigned int  cnt=0;
   7          unsigned int speed;
   8          char signal = 0;
   9          
  10          void Time0Init()
  11          {
  12   1        //1. 配置定时器0工作模式位16位计时
  13   1        TMOD = 0x01;
  14   1        //2. 给初值，定一个0.5出来
  15   1        TL0=0x33;
  16   1        TH0=0xFE;
  17   1        //3. 开始计时
  18   1        TR0 = 1;
  19   1        TF0 = 0;
  20   1        //4. 打开定时器0中断
  21   1        ET0 = 1;
  22   1        //5. 打开总中断EA
  23   1        EA = 1;
  24   1      }
  25          
  26          
  27          void Time0Handler() interrupt 1
  28          {
  29   1        cnt++;  //统计爆表的次数. cnt=1的时候，报表了1
  30   1        //重新给初值
  31   1        TL0=0x33;
  32   1        TH0=0xFE;
  33   1        
  34   1      
  35   1        
  36   1        if(cnt == 2000){//爆表40次，经过了20ms - 0.5ms * 2000 =1s
  37   2          signal=1;
  38   2          cnt = 0;  //当100次表示1s，重新让cnt从0开始，计算下一次的1s
  39   2          speed = speedCnt;
  40   2          //计算小车的速度，也就是拿到speedCnt的值
  41   2          speedCnt=0; //1s后拿到speedCnt个格子，就能算出速度，需要清零给下一次测速使用
  42   2        }
  43   1          
  44   1      }


MODULE INFORMATION:   STATIC OVERLAYABLE
   CODE SIZE        =     72    ----
   CONSTANT SIZE    =   ----    ----
   XDATA SIZE       =   ----    ----
   PDATA SIZE       =   ----    ----
   DATA SIZE        =      5    ----
   IDATA SIZE       =   ----    ----
   BIT SIZE         =   ----    ----
END OF MODULE INFORMATION.

C51 COMPILER V9.52.0.0   TIME                                                              04/08/2024 22:54:22 PAGE 2   


C51 COMPILATION COMPLETE.  0 WARNING(S),  0 ERROR(S)
