C51 COMPILER V9.52.0.0   MAIN                                                              04/05/2024 20:38:23 PAGE 1   


C51 COMPILER V9.52.0.0, COMPILATION OF MODULE MAIN
OBJECT MODULE PLACED IN main.OBJ
COMPILER INVOKED BY: F:\all_for_51\keil\C51\BIN\C51.EXE main.c BROWSE DEBUG OBJECTEXTEND TABS(2)

line level    source

   1          #include "reg52.h"
   2          
   3          #include "motor.h"
   4          #include "delay.h"
   5          #include "uart.h"
   6          
   7          
   8          
   9          void main()
  10          {
  11   1        
  12   1        UartInit();//初始化 串口
  13   1        Delay1000ms();
  14   1        while(1){
  15   2        //开始的时候设置为往前走2s -- 延迟两秒后就往后走
  16   2        stop();
  17   2        }
  18   1      
  19   1      }


MODULE INFORMATION:   STATIC OVERLAYABLE
   CODE SIZE        =     11    ----
   CONSTANT SIZE    =   ----    ----
   XDATA SIZE       =   ----    ----
   PDATA SIZE       =   ----    ----
   DATA SIZE        =   ----    ----
   IDATA SIZE       =   ----    ----
   BIT SIZE         =   ----    ----
END OF MODULE INFORMATION.


C51 COMPILATION COMPLETE.  0 WARNING(S),  0 ERROR(S)
