C51 COMPILER V9.52.0.0   DELAY                                                             04/13/2024 19:41:45 PAGE 1   


C51 COMPILER V9.52.0.0, COMPILATION OF MODULE DELAY
OBJECT MODULE PLACED IN delay.OBJ
COMPILER INVOKED BY: F:\all_for_51\keil\C51\BIN\C51.EXE delay.c BROWSE DEBUG OBJECTEXTEND TABS(2)

line level    source

   1          #include "reg52.h"
   2          #include "intrins.h"
   3          
   4          void Delay10us()    //@11.0592MHz
   5          {
   6   1        unsigned char i;
   7   1      
   8   1        i = 2;
   9   1        while (--i);
  10   1      }
  11          
  12          
  13          void Delay2000ms()    //@11.0592MHz
  14          {
  15   1        unsigned char i, j, k;
  16   1      
  17   1        i = 15;
  18   1        j = 2;
  19   1        k = 235;
  20   1        do
  21   1        {
  22   2          do
  23   2          {
  24   3            while (--k);
  25   3          } while (--j);
  26   2        } while (--i);
  27   1      }
  28          
  29          
  30          void Delay150ms()   //@11.0592MHz
  31          {
  32   1        unsigned char i, j, k;
  33   1      
  34   1        i = 2;
  35   1        j = 13;
  36   1        k = 237;
  37   1        do
  38   1        {
  39   2          do
  40   2          {
  41   3            while (--k);
  42   3          } while (--j);
  43   2        } while (--i);
  44   1      }
  45          
  46          
  47          void Delay200ms()   //@11.0592MHz
  48          {
  49   1        unsigned char i, j, k;
  50   1      
  51   1        _nop_();
  52   1        i = 2;
  53   1        j = 103;
  54   1        k = 147;
  55   1        do
C51 COMPILER V9.52.0.0   DELAY                                                             04/13/2024 19:41:45 PAGE 2   

  56   1        {
  57   2          do
  58   2          {
  59   3            while (--k);
  60   3          } while (--j);
  61   2        } while (--i);
  62   1      }


MODULE INFORMATION:   STATIC OVERLAYABLE
   CODE SIZE        =     45    ----
   CONSTANT SIZE    =   ----    ----
   XDATA SIZE       =   ----    ----
   PDATA SIZE       =   ----    ----
   DATA SIZE        =   ----    ----
   IDATA SIZE       =   ----    ----
   BIT SIZE         =   ----    ----
END OF MODULE INFORMATION.


C51 COMPILATION COMPLETE.  0 WARNING(S),  0 ERROR(S)
