C51 COMPILER V9.52.0.0   SG90                                                              04/13/2024 19:41:45 PAGE 1   


C51 COMPILER V9.52.0.0, COMPILATION OF MODULE SG90
OBJECT MODULE PLACED IN sg90.OBJ
COMPILER INVOKED BY: F:\all_for_51\keil\C51\BIN\C51.EXE sg90.c BROWSE DEBUG OBJECTEXTEND TABS(2)

line level    source

   1          #include "reg52.h"
   2          #include "delay.h"
   3          
   4          sbit D5       = P3^7;//根据原理图（电路图），设备变量led1指向P3组IO口的第7口
   5          sbit D6       = P3^6;//根据原理图（电路图），设备变量led2指向P3组IO口的第6口
   6          
   7          sbit sg90_con = P1^1;
   8          
   9          int jd;
  10          
  11          int cnt = 0;
  12          
  13          
  14          void Time0Init()
  15          {
  16   1        //1. 配置定时器0工作模式位16位计时
  17   1        TMOD &= 0xF0;   //设置定时器模式
  18   1        TMOD |= 0x01;
  19   1        //2. 给初值，定一个0.5出来
  20   1        TL0=0x33;
  21   1        TH0=0xFE;
  22   1        //3. 开始计时
  23   1        TR0 = 1;
  24   1        TF0 = 0;
  25   1        //4. 打开定时器0中断
  26   1        ET0 = 1;
  27   1        //5. 打开总中断EA
  28   1        EA = 1;
  29   1      }
  30          
  31          void openStatusLight()
  32          {
  33   1        D5 = 0;
  34   1        D6 = 1;
  35   1      }
  36          void closeStatusLight()
  37          {
  38   1        D5 = 1;
  39   1        D6 = 0;
  40   1      }
  41          
  42          void initSG90_0()
  43          {
  44   1        jd = 1;      //初始角度是0度，0.5ms,溢出1就是0.5，高电平
  45   1        cnt = 0;
  46   1        sg90_con = 1;//一开始从高电平开始
  47   1      }
  48          
  49          void openDusbin()
  50          {
  51   1        //舵机开盖
  52   1        jd = 3; //90度 1.5ms高电平
  53   1        cnt = 0;
  54   1        Delay2000ms();
  55   1      }
C51 COMPILER V9.52.0.0   SG90                                                              04/13/2024 19:41:45 PAGE 2   

  56          
  57          void closeDusbin()
  58          {
  59   1        //关盖
  60   1        jd = 1; //0度
  61   1        cnt = 0;
  62   1        
  63   1        Delay150ms();
  64   1        Delay150ms();
  65   1        Delay150ms();
  66   1      
  67   1      }
  68          
  69          void Time0Handler() interrupt 1
  70          {
  71   1        cnt++;  //统计爆表的次数. cnt=3的时候，报表了1
  72   1        //重新给初值
  73   1        TL0=0x33;
  74   1        TH0=0xFE;
  75   1        
  76   1        //控制PWM波
  77   1        if( cnt < jd){
  78   2          sg90_con = 1;
  79   2        }else{
  80   2          sg90_con = 0;
  81   2        }
  82   1        
  83   1        if(cnt == 40){//爆表40次，经过了20ms
  84   2          cnt = 0;  //当100次表示1s，重新让cnt从0开始，计算下一次的1s
  85   2          sg90_con = 1;
  86   2        }
  87   1          
  88   1      }


MODULE INFORMATION:   STATIC OVERLAYABLE
   CODE SIZE        =    146    ----
   CONSTANT SIZE    =   ----    ----
   XDATA SIZE       =   ----    ----
   PDATA SIZE       =   ----    ----
   DATA SIZE        =      4    ----
   IDATA SIZE       =   ----    ----
   BIT SIZE         =   ----    ----
END OF MODULE INFORMATION.


C51 COMPILATION COMPLETE.  0 WARNING(S),  0 ERROR(S)
