C51 COMPILER V9.52.0.0   SG90                                                              04/14/2024 21:21:57 PAGE 1   


C51 COMPILER V9.52.0.0, COMPILATION OF MODULE SG90
OBJECT MODULE PLACED IN sg90.OBJ
COMPILER INVOKED BY: F:\all_for_51\keil\C51\BIN\C51.EXE sg90.c BROWSE DEBUG OBJECTEXTEND TABS(2)

line level    source

   1          #include "reg52.h"
   2          #include "delay.h"
   3          #include "motor.h"
   4          
   5          sbit D5       = P3^7;//根据原理图（电路图），设备变量led1指向P3组IO口的第7口
   6          sbit D6       = P3^6;//根据原理图（电路图），设备变量led2指向P3组IO口的第6口
   7          
   8          sbit sg90_con = P1^1;
   9          int speed;
  10          int cntSpeed=0;
  11          
  12          int jd;
  13          int cnt = 0;
  14          
  15          
  16          void Time0Init()
  17          {
  18   1        //1. 配置定时器0工作模式位16位计时
  19   1        TMOD &= 0xF0;   //设置定时器模式
  20   1        TMOD |= 0x01;
  21   1        //2. 给初值，定一个0.5出来
  22   1        TL0=0x33;
  23   1        TH0=0xFE;
  24   1        //3. 开始计时
  25   1        TR0 = 1;
  26   1        TF0 = 0;
  27   1        //4. 打开定时器0中断
  28   1        ET0 = 1;
  29   1        //5. 打开总中断EA
  30   1        EA = 1;
  31   1      }
  32          
  33          //void openStatusLight()
  34          //{
  35          //  D5 = 0;
  36          //  D6 = 1;
  37          //}
  38          //void closeStatusLight()
  39          //{
  40          //  D5 = 1;
  41          //  D6 = 0;
  42          //}
  43          
  44          
  45          
  46          void sgMiddle()
  47          {
  48   1        
  49   1        jd = 3; //90度 1.5ms高电平
  50   1        cnt = 0;
  51   1      
  52   1      }
  53          
  54          void sgLeft() //135 度
  55          {
C51 COMPILER V9.52.0.0   SG90                                                              04/14/2024 21:21:57 PAGE 2   

  56   1        
  57   1        jd = 5;  //135 度 
  58   1        cnt = 0;
  59   1      
  60   1      }
  61          
  62          
  63          void sgRight()
  64          {
  65   1      
  66   1        jd = 1; //0度
  67   1        cnt = 0;
  68   1        
  69   1      
  70   1      }
  71          
  72          void Time0Handler() interrupt 1
  73          {
  74   1        cnt++;  //统计爆表的次数. cnt=3的时候，报表了1
  75   1        //重新给初值
  76   1        TL0=0x33;
  77   1        TH0=0xFE;
  78   1        
  79   1        //控制PWM波
  80   1        if( cnt < jd){
  81   2          sg90_con = 1;
  82   2        }else{
  83   2          sg90_con = 0;
  84   2        }
  85   1        
  86   1        if(cnt == 40){//爆表40次，经过了20ms
  87   2          cnt = 0;  //当100次表示1s，重新让cnt从0开始，计算下一次的1s
  88   2          sg90_con = 1;
  89   2        }
  90   1        
  91   1        
  92   1        if( cntSpeed < speed){
  93   2          goForward();
  94   2        }else{
  95   2          stop();
  96   2        }
  97   1        
  98   1        
  99   1          if(cntSpeed >= 40){//爆表40次，经过了20ms
 100   2          cntSpeed = 0;  //当100次表示1s，重新让cnt从0开始，计算下一次的1s
 101   2          
 102   2        }
 103   1          
 104   1      }


MODULE INFORMATION:   STATIC OVERLAYABLE
   CODE SIZE        =    208    ----
   CONSTANT SIZE    =   ----    ----
   XDATA SIZE       =   ----    ----
   PDATA SIZE       =   ----    ----
   DATA SIZE        =      8    ----
   IDATA SIZE       =   ----    ----
   BIT SIZE         =   ----    ----
END OF MODULE INFORMATION.


C51 COMPILATION COMPLETE.  0 WARNING(S),  0 ERROR(S)
