C51 COMPILER V9.52.0.0   MAIN                                                              04/10/2024 20:19:15 PAGE 1   


C51 COMPILER V9.52.0.0, COMPILATION OF MODULE MAIN
OBJECT MODULE PLACED IN main.OBJ
COMPILER INVOKED BY: F:\all_for_51\keil\C51\BIN\C51.EXE main.c BROWSE DEBUG OBJECTEXTEND TABS(2)

line level    source

   1          #include "reg52.h"
   2          
   3          #include "oled.h"
   4          
   5          
   6          
   7          
   8          void main()
   9          {
  10   1      
  11   1      //1. oled 初始化
  12   1        Oled_Init(); 
  13   1        Oled_Clear();
  14   1        Oled_Show_Str(2,2,"speed: 35cm/s");
  15   1      
  16   1        
  17   1      
  18   1        
  19   1        while(1);
  20   1      }


MODULE INFORMATION:   STATIC OVERLAYABLE
   CODE SIZE        =     21    ----
   CONSTANT SIZE    =     14    ----
   XDATA SIZE       =   ----    ----
   PDATA SIZE       =   ----    ----
   DATA SIZE        =   ----    ----
   IDATA SIZE       =   ----    ----
   BIT SIZE         =   ----    ----
END OF MODULE INFORMATION.


C51 COMPILATION COMPLETE.  0 WARNING(S),  0 ERROR(S)
