C51 COMPILER V9.52.0.0   MOTOR                                                             04/14/2024 19:26:32 PAGE 1   


C51 COMPILER V9.52.0.0, COMPILATION OF MODULE MOTOR
OBJECT MODULE PLACED IN motor.OBJ
COMPILER INVOKED BY: F:\all_for_51\keil\C51\BIN\C51.EXE motor.c BROWSE DEBUG OBJECTEXTEND TABS(2)

line level    source

   1          #include "motor.h"
   2          
   3          
   4          
   5          
   6          void  goBack() // 前进后退
   7          {
   8   1        RightConA=0;
   9   1        RightConB=1;  
  10   1      
  11   1        LeftConA=0;
  12   1        LeftConB=1; 
  13   1      
  14   1      }
  15          void  stop() // 停止
  16          {
  17   1        RightConA=0;
  18   1        RightConB=0;  
  19   1      
  20   1        LeftConA=0;
  21   1        LeftConB=0; 
  22   1      
  23   1      }
  24          
  25          
  26          
  27          void goForward() // 前进
  28          {
  29   1        RightConA=1;
  30   1        RightConB=0;  
  31   1          
  32   1        LeftConA=1;
  33   1        LeftConB=0; 
  34   1      
  35   1      }
  36          
  37          void goLeft() // 左转 -- 轮子左边不动，右边前进， 右边的速到大于左边的时候，就
             -实现了左转
  38          {
  39   1        RightConA=1;
  40   1        RightConB=0;  
  41   1          
  42   1        LeftConA=0;
  43   1        LeftConB=0; 
  44   1      
  45   1      }
  46          
  47          
  48          void goRight() // 右转 --轮子右边不动，左边前进
  49          {
  50   1      
  51   1        RightConA=0;
  52   1        RightConB=0;  
  53   1          
  54   1        LeftConA=1;
C51 COMPILER V9.52.0.0   MOTOR                                                             04/14/2024 19:26:32 PAGE 2   

  55   1        LeftConB=0; 
  56   1      
  57   1      }


MODULE INFORMATION:   STATIC OVERLAYABLE
   CODE SIZE        =     45    ----
   CONSTANT SIZE    =   ----    ----
   XDATA SIZE       =   ----    ----
   PDATA SIZE       =   ----    ----
   DATA SIZE        =   ----    ----
   IDATA SIZE       =   ----    ----
   BIT SIZE         =   ----    ----
END OF MODULE INFORMATION.


C51 COMPILATION COMPLETE.  0 WARNING(S),  0 ERROR(S)
