C51 COMPILER V9.52.0.0   MAIN                                                              04/06/2024 11:19:18 PAGE 1   


C51 COMPILER V9.52.0.0, COMPILATION OF MODULE MAIN
OBJECT MODULE PLACED IN main.OBJ
COMPILER INVOKED BY: F:\all_for_51\keil\C51\BIN\C51.EXE main.c BROWSE DEBUG OBJECTEXTEND TABS(2)

line level    source

   1          #include "reg52.h"
   2          
   3          #include "motor.h"
   4          #include "delay.h"
   5          #include "uart.h"
   6          #include "time.h"
   7          
   8          extern char speedLeft; //去整个工程中的其他文件找
   9          
  10          extern char speedRight;
  11          
  12          void main()
  13          {
  14   1        Time0Init();//定时器 初始化 
  15   1        Time1Init();
  16   1        // 注意 我们TOMD这里的初始化是直接开赋值的方式 -- 我们 应该调用在串口初始
             -之前，不然会把串口的TMOD给覆盖掉
  17   1        //UartInit();//初始化 串口
  18   1        while(1){
  19   2        speedLeft=10;
  20   2        speedRight=40;
  21   2        Delay1000ms();
  22   2        Delay1000ms();
  23   2      
  24   2        speedLeft=40;
  25   2        speedRight=10;
  26   2        Delay1000ms();
  27   2        Delay1000ms();
  28   2        }
  29   1      
  30   1      }


MODULE INFORMATION:   STATIC OVERLAYABLE
   CODE SIZE        =     32    ----
   CONSTANT SIZE    =   ----    ----
   XDATA SIZE       =   ----    ----
   PDATA SIZE       =   ----    ----
   DATA SIZE        =   ----    ----
   IDATA SIZE       =   ----    ----
   BIT SIZE         =   ----    ----
END OF MODULE INFORMATION.


C51 COMPILATION COMPLETE.  0 WARNING(S),  0 ERROR(S)
