C51 COMPILER V9.52.0.0   MOTOR                                                             04/14/2024 20:17:34 PAGE 1   


C51 COMPILER V9.52.0.0, COMPILATION OF MODULE MOTOR
OBJECT MODULE PLACED IN motor.OBJ
COMPILER INVOKED BY: F:\all_for_51\keil\C51\BIN\C51.EXE motor.c BROWSE DEBUG OBJECTEXTEND TABS(2)

line level    source

   1          #include "motor.h"
   2          
   3          
   4          void goForwardLeft() 
   5          {   
   6   1        LeftConA=1;
   7   1        LeftConB=0; 
   8   1      
   9   1      }
  10          
  11          void goForwardRight() 
  12          {
  13   1        RightConA=1;
  14   1        RightConB=0;  
  15   1          
  16   1      }
  17          
  18          
  19          void stopLeft() 
  20          {
  21   1          
  22   1        LeftConA=0;
  23   1        LeftConB=0; 
  24   1      
  25   1      }
  26          
  27          
  28          void stopRight() 
  29          {
  30   1        RightConA=0;
  31   1        RightConB=0;  
  32   1          
  33   1      }
  34          
  35          void  goBack() // 后退
  36          {
  37   1        RightConA=0;
  38   1        RightConB=1;  
  39   1      
  40   1        LeftConA=0;
  41   1        LeftConB=1; 
  42   1      
  43   1      }
  44          
  45          
  46          
  47          void goForward() // 前进
  48          {
  49   1        RightConA=1;
  50   1        RightConB=0;  
  51   1          
  52   1        LeftConA=1;
  53   1        LeftConB=0; 
  54   1      
  55   1      }
C51 COMPILER V9.52.0.0   MOTOR                                                             04/14/2024 20:17:34 PAGE 2   

  56          
  57          void goLeft() // 左转 -- 轮子左边不动，右边前进， 右边的速到大于左边的时候，就
             -实现了左转
  58          {
  59   1        RightConA=1;
  60   1        RightConB=0;  
  61   1          
  62   1        LeftConA=0;
  63   1        LeftConB=0; 
  64   1      
  65   1      }
  66          
  67          
  68          void goRight() // 右转 --轮子右边不动，左边前进
  69          {
  70   1      
  71   1        RightConA=0;
  72   1        RightConB=0;  
  73   1          
  74   1        LeftConA=1;
  75   1        LeftConB=0; 
  76   1      
  77   1      }
  78          
  79          
  80          void stop() // 右转 --轮子右边不动，左边前进
  81          {
  82   1      
  83   1        RightConA=0;
  84   1        RightConB=0;  
  85   1          
  86   1        LeftConA=0;
  87   1        LeftConB=0; 
  88   1      
  89   1      }


MODULE INFORMATION:   STATIC OVERLAYABLE
   CODE SIZE        =     65    ----
   CONSTANT SIZE    =   ----    ----
   XDATA SIZE       =   ----    ----
   PDATA SIZE       =   ----    ----
   DATA SIZE        =   ----    ----
   IDATA SIZE       =   ----    ----
   BIT SIZE         =   ----    ----
END OF MODULE INFORMATION.


C51 COMPILATION COMPLETE.  0 WARNING(S),  0 ERROR(S)
