C51 COMPILER V9.52.0.0   UART                                                              04/14/2024 20:17:34 PAGE 1   


C51 COMPILER V9.52.0.0, COMPILATION OF MODULE UART
OBJECT MODULE PLACED IN uart.OBJ
COMPILER INVOKED BY: F:\all_for_51\keil\C51\BIN\C51.EXE uart.c BROWSE DEBUG OBJECTEXTEND TABS(2)

line level    source

   1          #include "reg52.h"
   2          #include "motor.h"
   3          #include "string.h"
   4          #include "delay.h"
   5          
   6          #define SIZE 12
   7          sfr AUXR = 0x8E;
   8          char buffer[SIZE];
   9          
  10          void UartInit(void)   //9600bps@11.0592MHz
  11          {
  12   1        AUXR=0x01; //减少定时器辐射 -- 抗干扰
  13   1        SCON =0x50; //配置 串口口工作方式1，REN 使能接收
  14   1        //不配 PCON  -- 不设置倍数关系
  15   1        //配置定时器1为 8位自动重装
  16   1        TMOD &=0xF0; //高位清零
  17   1        TMOD |=0x20;  //00 10  -- 配置为定时器1为: 1 0 模式 -- 8位自动重装
  18   1        
  19   1        //定义初值
  20   1        TL1=0xFD;
  21   1        TH1=0xFD; // 9600 波特率的初值
  22   1        TR1= 1; // 定时器 -- 启动
  23   1        
  24   1        EA =1; // 开启总中断
  25   1        ES=1;  // 开启串口中断
  26   1        
  27   1      }
  28          
  29          
  30          void uartHandler() interrupt 4
  31          {
  32   1        static int  i = 0;
  33   1        char tmp;
  34   1       if(RI) // 中断处理函数中，对于接收中断的响应
  35   1       {
  36   2          RI=0; //清楚接收中断标志位
  37   2          tmp = SBUF;
  38   2          if(tmp == 'M')
  39   2             i=0;
  40   2          buffer[i++]=tmp;
  41   2          if(buffer[0] == 'M'){
  42   3            switch(buffer[1]){
  43   4            case '1':
  44   4                goForward();
  45   4                Delay10ms();
  46   4                break;
  47   4          
  48   4            case '2':
  49   4                goBack();
  50   4                Delay10ms();
  51   4                break;
  52   4            
  53   4            case '3':
  54   4                goLeft();
  55   4                Delay10ms();
C51 COMPILER V9.52.0.0   UART                                                              04/14/2024 20:17:34 PAGE 2   

  56   4                break;
  57   4          
  58   4            case '4':
  59   4                goRight();
  60   4                Delay10ms();
  61   4                break;
  62   4            default://前提是M开关，但不是上面4跳到额指令不然就进不来了
  63   4              stop();
  64   4              break;
  65   4            
  66   4            }
  67   3          
  68   3          }
  69   2         if(i == SIZE) {
  70   3           i = 0;
  71   3           memset(buffer,'\0',SIZE);
  72   3          }
  73   2       }
  74   1        
  75   1        
  76   1      }
  77          


MODULE INFORMATION:   STATIC OVERLAYABLE
   CODE SIZE        =    183    ----
   CONSTANT SIZE    =   ----    ----
   XDATA SIZE       =   ----    ----
   PDATA SIZE       =   ----    ----
   DATA SIZE        =     14    ----
   IDATA SIZE       =   ----    ----
   BIT SIZE         =   ----    ----
END OF MODULE INFORMATION.


C51 COMPILATION COMPLETE.  0 WARNING(S),  0 ERROR(S)
