C51 COMPILER V9.52.0.0   DELAY                                                             04/14/2024 19:03:32 PAGE 1   


C51 COMPILER V9.52.0.0, COMPILATION OF MODULE DELAY
OBJECT MODULE PLACED IN delay.OBJ
COMPILER INVOKED BY: F:\all_for_51\keil\C51\BIN\C51.EXE delay.c BROWSE DEBUG OBJECTEXTEND TABS(2)

line level    source

   1          #include "reg52.h"
   2          #include "intrins.h"
   3          
   4          void Delay10us()    //@11.0592MHz
   5          {
   6   1        unsigned char i;
   7   1      
   8   1        i = 2;
   9   1        while (--i);
  10   1      }
  11          
  12          void Delay450ms()   //@11.0592MHz
  13          {
  14   1        unsigned char i, j, k;
  15   1      
  16   1        _nop_();
  17   1        i = 4;
  18   1        j = 39;
  19   1        k = 209;
  20   1        do
  21   1        {
  22   2          do
  23   2          {
  24   3            while (--k);
  25   3          } while (--j);
  26   2        } while (--i);
  27   1      }
  28          
  29          void Delay2000ms()    //@11.0592MHz
  30          {
  31   1        unsigned char i, j, k;
  32   1      
  33   1        i = 15;
  34   1        j = 2;
  35   1        k = 235;
  36   1        do
  37   1        {
  38   2          do
  39   2          {
  40   3            while (--k);
  41   3          } while (--j);
  42   2        } while (--i);
  43   1      }
  44          
  45          
  46          void Delay150ms()   //@11.0592MHz
  47          {
  48   1        unsigned char i, j, k;
  49   1      
  50   1        i = 2;
  51   1        j = 13;
  52   1        k = 237;
  53   1        do
  54   1        {
  55   2          do
C51 COMPILER V9.52.0.0   DELAY                                                             04/14/2024 19:03:32 PAGE 2   

  56   2          {
  57   3            while (--k);
  58   3          } while (--j);
  59   2        } while (--i);
  60   1      }
  61          
  62          
  63          void Delay200ms()   //@11.0592MHz
  64          {
  65   1        unsigned char i, j, k;
  66   1      
  67   1        _nop_();
  68   1        i = 2;
  69   1        j = 103;
  70   1        k = 147;
  71   1        do
  72   1        {
  73   2          do
  74   2          {
  75   3            while (--k);
  76   3          } while (--j);
  77   2        } while (--i);
  78   1      }


MODULE INFORMATION:   STATIC OVERLAYABLE
   CODE SIZE        =     59    ----
   CONSTANT SIZE    =   ----    ----
   XDATA SIZE       =   ----    ----
   PDATA SIZE       =   ----    ----
   DATA SIZE        =   ----    ----
   IDATA SIZE       =   ----    ----
   BIT SIZE         =   ----    ----
END OF MODULE INFORMATION.


C51 COMPILATION COMPLETE.  0 WARNING(S),  0 ERROR(S)
