C51 COMPILER V9.52.0.0   MAIN                                                              04/14/2024 19:03:32 PAGE 1   


C51 COMPILER V9.52.0.0, COMPILATION OF MODULE MAIN
OBJECT MODULE PLACED IN main.OBJ
COMPILER INVOKED BY: F:\all_for_51\keil\C51\BIN\C51.EXE main.c BROWSE DEBUG OBJECTEXTEND TABS(2)

line level    source

   1          #include "reg52.h"
   2          #include "hc04.h"
   3          #include "delay.h"
   4          #include "sg90.h"
   5           
   6          
   7          
   8          
   9          
  10          
  11          void main()
  12          {
  13   1        
  14   1        Time0Init();
  15   1        Time1Init();
  16   1        //刚上电让摄像头保持在中间
  17   1        sgMiddle();
  18   1        Delay2000ms();
  19   1        
  20   1        while(1){
  21   2      
  22   2      
  23   2              sgLeft();
  24   2              Delay450ms();
  25   2              sgMiddle();
  26   2              Delay450ms();
  27   2              sgRight();
  28   2              Delay450ms();
  29   2              sgMiddle();
  30   2              Delay450ms();
  31   2        }
  32   1      } 
  33          
  34          
  35          
  36          
  37          
  38          


MODULE INFORMATION:   STATIC OVERLAYABLE
   CODE SIZE        =     38    ----
   CONSTANT SIZE    =   ----    ----
   XDATA SIZE       =   ----    ----
   PDATA SIZE       =   ----    ----
   DATA SIZE        =   ----    ----
   IDATA SIZE       =   ----    ----
   BIT SIZE         =   ----    ----
END OF MODULE INFORMATION.


C51 COMPILATION COMPLETE.  0 WARNING(S),  0 ERROR(S)
