C51 COMPILER V9.52.0.0   MOTOR                                                             04/05/2024 21:20:56 PAGE 1   


C51 COMPILER V9.52.0.0, COMPILATION OF MODULE MOTOR
OBJECT MODULE PLACED IN motor.OBJ
COMPILER INVOKED BY: F:\all_for_51\keil\C51\BIN\C51.EXE motor.c BROWSE DEBUG OBJECTEXTEND TABS(2)

line level    source

   1          #include "motor.h"
   2          
   3          
   4          
   5          
   6          void  goBack() // 前进
   7          {
   8   1        RightConA=0;
   9   1        RightConB=1;  
  10   1      
  11   1        LeftConA=0;
  12   1        LeftConB=1; 
  13   1      
  14   1      }
  15          
  16          
  17          
  18          void goForward() // 后退
  19          {
  20   1        RightConA=1;
  21   1        RightConB=0;  
  22   1          
  23   1        LeftConA=1;
  24   1        LeftConB=0; 
  25   1      
  26   1      }
  27          
  28          void goLeft() // 左转 -- 轮子左边不动，右边前进， 右边的速到大于左边的时候，就
             -实现了左转
  29          {
  30   1        RightConA=1;
  31   1        RightConB=0;  
  32   1          
  33   1        LeftConA=0;
  34   1        LeftConB=0; 
  35   1      
  36   1      }
  37          
  38          
  39          void goRight() // 右转 --轮子右边不动，左边前进
  40          {
  41   1      
  42   1        RightConA=0;
  43   1        RightConB=0;  
  44   1          
  45   1        LeftConA=1;
  46   1        LeftConB=0; 
  47   1      
  48   1      }
  49          
  50          
  51          void stop() // 右转 --轮子右边不动，左边前进
  52          {
  53   1      
  54   1        RightConA=0;
C51 COMPILER V9.52.0.0   MOTOR                                                             04/05/2024 21:20:56 PAGE 2   

  55   1        RightConB=0;  
  56   1          
  57   1        LeftConA=0;
  58   1        LeftConB=0; 
  59   1      
  60   1      }


MODULE INFORMATION:   STATIC OVERLAYABLE
   CODE SIZE        =     45    ----
   CONSTANT SIZE    =   ----    ----
   XDATA SIZE       =   ----    ----
   PDATA SIZE       =   ----    ----
   DATA SIZE        =   ----    ----
   IDATA SIZE       =   ----    ----
   BIT SIZE         =   ----    ----
END OF MODULE INFORMATION.


C51 COMPILATION COMPLETE.  0 WARNING(S),  0 ERROR(S)
