C51 COMPILER V9.52.0.0   MAIN                                                              04/13/2024 22:28:52 PAGE 1   


C51 COMPILER V9.52.0.0, COMPILATION OF MODULE MAIN
OBJECT MODULE PLACED IN main.OBJ
COMPILER INVOKED BY: F:\all_for_51\keil\C51\BIN\C51.EXE main.c BROWSE DEBUG OBJECTEXTEND TABS(2)

line level    source

   1          #include "reg52.h"
   2          
   3          #include "motor.h"
   4          #include "delay.h"
   5          
   6          
   7          
   8          
   9          void main()
  10          {
  11   1        while(1){
  12   2        //开始的时候设置为往前走2s -- 延迟两秒后就往后走
  13   2        goForward(); 
  14   2        Delay1000ms();
  15   2        Delay1000ms();  
  16   2        goBack();
  17   2        Delay1000ms();
  18   2        Delay1000ms();  
  19   2        goLeft();
  20   2        Delay1000ms();
  21   2        Delay1000ms();  
  22   2        goRight();
  23   2        Delay1000ms();
  24   2        Delay1000ms();  
  25   2        }
  26   1      
  27   1      }


MODULE INFORMATION:   STATIC OVERLAYABLE
   CODE SIZE        =     38    ----
   CONSTANT SIZE    =   ----    ----
   XDATA SIZE       =   ----    ----
   PDATA SIZE       =   ----    ----
   DATA SIZE        =   ----    ----
   IDATA SIZE       =   ----    ----
   BIT SIZE         =   ----    ----
END OF MODULE INFORMATION.


C51 COMPILATION COMPLETE.  0 WARNING(S),  0 ERROR(S)
